<?xml version="1.0" encoding="UTF-8"?>
<!-- Generated by org.testng.reporters.JUnitReportReporter -->
<testsuite hostname="PiyushJ-LAP" failures="0" tests="1" name="com.amajon.testcases.AmazonTest1" time="20.897" errors="0" timestamp="2023-09-14T19:14:37 IST" skipped="0">
  <testcase classname="com.amajon.testcases.AmazonTest1" name="testCase2" time="20.897"/>
  <system-out/>
</testsuite> <!-- com.amajon.testcases.AmazonTest1 -->
